<?xml version="1.0" encoding="UTF-8"?>
<!-- Generated by org.testng.reporters.JUnitReportReporter -->
<testsuite skipped="0" hostname="MT-PF15YSAR" name="comprehensive.maven.AppTest" tests="1" failures="0" timestamp="2022-01-18T11:21:16 GMT+05:30" time="0.007" errors="0">
  <testcase name="shouldAnswerWithTrue" time="0.007" classname="comprehensive.maven.AppTest"/>
  <system-out/>
</testsuite> <!-- comprehensive.maven.AppTest -->
